<?xml version="1.0" encoding="UTF-8"?>
<!-- Generated by org.testng.reporters.JUnitReportReporter -->
<testsuite hostname="DESKTOP-CMKOKBU" failures="0" tests="1" name="movieDetailsValidation.WikipediaTest" time="10.761" errors="0" timestamp="2023-03-06T20:35:11 IST" skipped="0">
  <testcase classname="movieDetailsValidation.WikipediaTest" name="wikiTest" time="10.761"/>
  <system-out/>
</testsuite> <!-- movieDetailsValidation.WikipediaTest -->
