<?xml version="1.0" encoding="UTF-8"?>
<!-- Generated by org.testng.reporters.JUnitReportReporter -->
<testsuite hostname="DESKTOP-CMKOKBU" failures="0" tests="1" name="movieDetailsValidation.WikipediaTest" time="17.518" errors="0" timestamp="2023-02-22T09:46:56 IST" skipped="0">
  <testcase classname="movieDetailsValidation.WikipediaTest" name="wikiTest" time="17.518"/>
  <system-out/>
</testsuite> <!-- movieDetailsValidation.WikipediaTest -->
