<?xml version="1.0" encoding="UTF-8"?>
<!-- Generated by org.testng.reporters.JUnitReportReporter -->
<testsuite hostname="DESKTOP-CMKOKBU" failures="0" tests="1" name="movieDetailsValidation.ImdbTest" time="19.710" errors="0" timestamp="2023-03-06T20:35:11 IST" skipped="0">
  <testcase classname="movieDetailsValidation.ImdbTest" name="mainExecution" time="19.710"/>
  <system-out/>
</testsuite> <!-- movieDetailsValidation.ImdbTest -->
